C:\Users\9799sidmun\Desktop\demo1\demo1\dist\out-tsc\app\home\home.component.js
C:\Users\9799sidmun\Desktop\demo1\demo1\dist\out-tsc\app\home\home.component.js.map
C:\Users\9799sidmun\Desktop\demo1\demo1\dist\out-tsc\app\transport\vehicles.model.js
C:\Users\9799sidmun\Desktop\demo1\demo1\dist\out-tsc\app\transport\vehicles.model.js.map
C:\Users\9799sidmun\Desktop\demo1\demo1\dist\out-tsc\app\transport\transport.component.js
C:\Users\9799sidmun\Desktop\demo1\demo1\dist\out-tsc\app\transport\transport.component.js.map
C:\Users\9799sidmun\Desktop\demo1\demo1\dist\out-tsc\app\app-routing.module.js
C:\Users\9799sidmun\Desktop\demo1\demo1\dist\out-tsc\app\app-routing.module.js.map
C:\Users\9799sidmun\Desktop\demo1\demo1\dist\out-tsc\app\app.component.js
C:\Users\9799sidmun\Desktop\demo1\demo1\dist\out-tsc\app\app.component.js.map
C:\Users\9799sidmun\Desktop\demo1\demo1\dist\out-tsc\app\navbar\navbar.component.js
C:\Users\9799sidmun\Desktop\demo1\demo1\dist\out-tsc\app\navbar\navbar.component.js.map
C:\Users\9799sidmun\Desktop\demo1\demo1\dist\out-tsc\app\transport-filter.pipe.js
C:\Users\9799sidmun\Desktop\demo1\demo1\dist\out-tsc\app\transport-filter.pipe.js.map
C:\Users\9799sidmun\Desktop\demo1\demo1\dist\out-tsc\app\app.module.js
C:\Users\9799sidmun\Desktop\demo1\demo1\dist\out-tsc\app\app.module.js.map
C:\Users\9799sidmun\Desktop\demo1\demo1\dist\out-tsc\environments\environment.js
C:\Users\9799sidmun\Desktop\demo1\demo1\dist\out-tsc\environments\environment.js.map
C:\Users\9799sidmun\Desktop\demo1\demo1\dist\out-tsc\main.js
C:\Users\9799sidmun\Desktop\demo1\demo1\dist\out-tsc\main.js.map
C:\Users\9799sidmun\Desktop\demo1\demo1\dist\out-tsc\polyfills.js
C:\Users\9799sidmun\Desktop\demo1\demo1\dist\out-tsc\polyfills.js.map
C:\Users\9799sidmun\Desktop\demo1\demo1\dist\out-tsc\test.js
C:\Users\9799sidmun\Desktop\demo1\demo1\dist\out-tsc\test.js.map
C:\Users\9799sidmun\Desktop\demo1\demo1\dist\out-tsc\environments\environment.prod.js
C:\Users\9799sidmun\Desktop\demo1\demo1\dist\out-tsc\environments\environment.prod.js.map
C:\Users\9799sidmun\Desktop\demo1\demo1\dist\out-tsc\app\app.component.spec.js
C:\Users\9799sidmun\Desktop\demo1\demo1\dist\out-tsc\app\app.component.spec.js.map
C:\Users\9799sidmun\Desktop\demo1\demo1\dist\out-tsc\app\transport-filter.pipe.spec.js
C:\Users\9799sidmun\Desktop\demo1\demo1\dist\out-tsc\app\transport-filter.pipe.spec.js.map
C:\Users\9799sidmun\Desktop\demo1\demo1\dist\out-tsc\app\transport\transport.component.spec.js
C:\Users\9799sidmun\Desktop\demo1\demo1\dist\out-tsc\app\transport\transport.component.spec.js.map
C:\Users\9799sidmun\Desktop\demo1\demo1\dist\out-tsc\app\navbar\navbar.component.spec.js
C:\Users\9799sidmun\Desktop\demo1\demo1\dist\out-tsc\app\navbar\navbar.component.spec.js.map
C:\Users\9799sidmun\Desktop\demo1\demo1\dist\out-tsc\app\home\home.component.spec.js
C:\Users\9799sidmun\Desktop\demo1\demo1\dist\out-tsc\app\home\home.component.spec.js.map
C:\Users\9799sidmun\Desktop\demo1\demo1\dist\out-tsc\app\home\home.component.js
C:\Users\9799sidmun\Desktop\demo1\demo1\dist\out-tsc\app\home\home.component.js.map
C:\Users\9799sidmun\Desktop\demo1\demo1\dist\out-tsc\app\transport\vehicles.model.js
C:\Users\9799sidmun\Desktop\demo1\demo1\dist\out-tsc\app\transport\vehicles.model.js.map
C:\Users\9799sidmun\Desktop\demo1\demo1\dist\out-tsc\app\transport\transport.component.js
C:\Users\9799sidmun\Desktop\demo1\demo1\dist\out-tsc\app\transport\transport.component.js.map
C:\Users\9799sidmun\Desktop\demo1\demo1\dist\out-tsc\app\app-routing.module.js
C:\Users\9799sidmun\Desktop\demo1\demo1\dist\out-tsc\app\app-routing.module.js.map
C:\Users\9799sidmun\Desktop\demo1\demo1\dist\out-tsc\app\app.component.js
C:\Users\9799sidmun\Desktop\demo1\demo1\dist\out-tsc\app\app.component.js.map
C:\Users\9799sidmun\Desktop\demo1\demo1\dist\out-tsc\app\navbar\navbar.component.js
C:\Users\9799sidmun\Desktop\demo1\demo1\dist\out-tsc\app\navbar\navbar.component.js.map
C:\Users\9799sidmun\Desktop\demo1\demo1\dist\out-tsc\app\transport-filter.pipe.js
C:\Users\9799sidmun\Desktop\demo1\demo1\dist\out-tsc\app\transport-filter.pipe.js.map
C:\Users\9799sidmun\Desktop\demo1\demo1\dist\out-tsc\app\app.module.js
C:\Users\9799sidmun\Desktop\demo1\demo1\dist\out-tsc\app\app.module.js.map
C:\Users\9799sidmun\Desktop\demo1\demo1\dist\out-tsc\environments\environment.js
C:\Users\9799sidmun\Desktop\demo1\demo1\dist\out-tsc\environments\environment.js.map
C:\Users\9799sidmun\Desktop\demo1\demo1\dist\out-tsc\main.js
C:\Users\9799sidmun\Desktop\demo1\demo1\dist\out-tsc\main.js.map
C:\Users\9799sidmun\Desktop\demo1\demo1\dist\out-tsc\polyfills.js
C:\Users\9799sidmun\Desktop\demo1\demo1\dist\out-tsc\polyfills.js.map
C:\Users\9799sidmun\Desktop\demo1\demo1\dist\out-tsc\test.js
C:\Users\9799sidmun\Desktop\demo1\demo1\dist\out-tsc\test.js.map
C:\Users\9799sidmun\Desktop\demo1\demo1\dist\out-tsc\environments\environment.prod.js
C:\Users\9799sidmun\Desktop\demo1\demo1\dist\out-tsc\environments\environment.prod.js.map
C:\Users\9799sidmun\Desktop\demo1\demo1\dist\out-tsc\app\app.component.spec.js
C:\Users\9799sidmun\Desktop\demo1\demo1\dist\out-tsc\app\app.component.spec.js.map
C:\Users\9799sidmun\Desktop\demo1\demo1\dist\out-tsc\app\transport-filter.pipe.spec.js
C:\Users\9799sidmun\Desktop\demo1\demo1\dist\out-tsc\app\transport-filter.pipe.spec.js.map
C:\Users\9799sidmun\Desktop\demo1\demo1\dist\out-tsc\app\transport\transport.component.spec.js
C:\Users\9799sidmun\Desktop\demo1\demo1\dist\out-tsc\app\transport\transport.component.spec.js.map
C:\Users\9799sidmun\Desktop\demo1\demo1\dist\out-tsc\app\navbar\navbar.component.spec.js
C:\Users\9799sidmun\Desktop\demo1\demo1\dist\out-tsc\app\navbar\navbar.component.spec.js.map
C:\Users\9799sidmun\Desktop\demo1\demo1\dist\out-tsc\app\home\home.component.spec.js
C:\Users\9799sidmun\Desktop\demo1\demo1\dist\out-tsc\app\home\home.component.spec.js.map
